C51 COMPILER V9.59.0.0   AUDIO                                                             02/23/2021 10:28:31 PAGE 1   


C51 COMPILER V9.59.0.0, COMPILATION OF MODULE AUDIO
OBJECT MODULE PLACED IN .\Objects\Audio.obj
COMPILER INVOKED BY: C:\Keil_v5\C51\BIN\C51.EXE ..\src\Audio.c OPTIMIZE(8,SPEED) BROWSE INCDIR(..\inc) DEBUG OBJECTEXTEN
                    -D PRINT(.\Listings\Audio.lst) TABS(2) OBJECT(.\Objects\Audio.obj)

line level    source

   1          #include "OB38A08T2.h"
   2          #include "Audio.h"
   3          #include "Timer.h"
   4          
   5          //AU_RESET:P1.6 PUSHPULL
   6          //AU_DATA:P0.0 PUSHPULL
   7          //AU_BUSY:P0.1 INPUT
   8          
   9          #define AUD_RST_SET P1_6 = 1
  10          #define AUD_RST_CLR P1_6 = 0
  11          
  12          #define AUD_DATA_SET  P0_0 = 1
  13          #define AUD_DATA_CLR  P0_0 = 0
  14          #define AUD_DATA_TOGGLE P0_0 = ~P0_0
  15          
  16          #define AUD_BUSY  P0_1
  17          
  18          #define AUD_RST_INIT  P1M1&=0xBF;P1M0|=0x40
  19          #define AUD_DATA_INIT P0M1&=0xFE;P0M0|=0x01
  20          #define AUD_BUSY_INIT P0M1|=0x02;P0M0&=0xFD
  21          
  22          uint8_t audio_flag=0; // 
  23          uint8_t audio_section=0,audio_time_count=0;
  24          #define AUDIO_MAX_CACHE_NUM   20
  25          static uint8_t audio_cache[AUDIO_MAX_CACHE_NUM] = {0};
  26          
  27          
  28          void Audio_Init(void)
  29          {
  30   1        AUD_RST_INIT;
  31   1        AUD_DATA_INIT;
  32   1        AUD_BUSY_INIT;
  33   1      
  34   1        AUD_RST_CLR;
  35   1        AUD_DATA_CLR;
  36   1      }
  37          
  38          
  39          void Audio_Play(AUD_PLAY_ID aud_id)
  40          {
  41   1        unsigned char i = 0;
  42   1        if(audio_flag == 0 && AUD_BUSY == 1)
  43   1        { 
  44   2          audio_flag = 1;
  45   2          audio_section = aud_id;
  46   2          audio_time_count = 0;
  47   2          TIMER0_Start();
  48   2        }
  49   1        else
  50   1        {
  51   2          for(i=0;i<AUDIO_MAX_CACHE_NUM;i++)
  52   2          {
  53   3            if(audio_cache[i]==0)
  54   3              break;
C51 COMPILER V9.59.0.0   AUDIO                                                             02/23/2021 10:28:31 PAGE 2   

  55   3          }
  56   2          if(i<AUDIO_MAX_CACHE_NUM)
  57   2            audio_cache[i]=aud_id;
  58   2        }
  59   1          
  60   1      }
  61          
  62          void Audio_Stop(void)
  63          {
  64   1        unsigned char i = 0;
  65   1      
  66   1        if( audio_flag == 0&&AUD_BUSY == 1)
  67   1          return;
  68   1      
  69   1        TIMER0_Stop();
  70   1      
  71   1        for(i=0;i<AUDIO_MAX_CACHE_NUM;i++)
  72   1        {
  73   2          audio_cache[i]=0;
  74   2        }
  75   1      
  76   1        if(audio_time_count>=4)
  77   1        {
  78   2          audio_section = 0;
  79   2          audio_flag = 3;
  80   2          audio_time_count = 0;
  81   2        }
  82   1        else
  83   1        {
  84   2          audio_section = 0;
  85   2          audio_flag = 3;
  86   2        }
  87   1          
  88   1          TIMER0_Start();
  89   1        return;
  90   1      }
  91          
  92          void Audio_Select_Handle_in_Timer(void)
  93          {
  94   1        if(audio_flag == 1)
  95   1        {
  96   2          if(audio_time_count == 0)
  97   2          {
  98   3            AUD_RST_SET;
  99   3            AUD_DATA_CLR;
 100   3          }
 101   2          else if(audio_time_count == 2)
 102   2          {
 103   3            AUD_RST_CLR;
 104   3          }
 105   2          else if(audio_time_count >= 4)
 106   2          {
 107   3            AUD_DATA_TOGGLE;
 108   3          }
 109   2          audio_time_count ++;
 110   2      
 111   2          if(audio_time_count >= (audio_section + 1) * 2 + 4)
 112   2          {
 113   3            audio_time_count = 0;
 114   3            AUD_RST_CLR;
 115   3            AUD_DATA_CLR;
 116   3            audio_flag = 2;
C51 COMPILER V9.59.0.0   AUDIO                                                             02/23/2021 10:28:31 PAGE 3   

 117   3          }
 118   2        }
 119   1        else if(audio_flag == 3)
 120   1        {
 121   2          if(audio_time_count == 0)
 122   2          {
 123   3            AUD_DATA_CLR;
 124   3          } 
 125   2          else if(audio_time_count == 1)
 126   2          {
 127   3            AUD_RST_SET;
 128   3          }
 129   2          else if(audio_time_count == 3)
 130   2          {
 131   3            AUD_RST_CLR;
 132   3          }
 133   2          audio_time_count ++;
 134   2          if(audio_time_count >= 4)
 135   2          {
 136   3            audio_time_count = 0;
 137   3            AUD_RST_CLR;
 138   3            AUD_DATA_CLR;
 139   3            audio_flag = 2;
 140   3          }
 141   2          
 142   2        }
 143   1      
 144   1      }
 145          
 146          void Audio_timer_event_handler(void)
 147          {
 148   1        if((audio_flag == 2)&&(AUD_BUSY == 1))
 149   1        {
 150   2          //extern void mmi_dq_sys_aud_end(void);
 151   2          if(audio_cache[0]==0)
 152   2          {
 153   3            audio_section = 0;
 154   3            TIMER0_Stop();
 155   3            //mmi_dq_sys_aud_end();
 156   3            //audio_play_end_flag = 1;
 157   3            audio_flag = 0;
 158   3          }
 159   2          else
 160   2          {
 161   3            char i = 0;
 162   3            audio_flag = 1;
 163   3            audio_section = audio_cache[0];
 164   3            for(i=0;i<AUDIO_MAX_CACHE_NUM-1;i++)
 165   3            {
 166   4              if(audio_cache[i+1]!=0)
 167   4              {
 168   5                audio_cache[i]=audio_cache[i+1];
 169   5              }
 170   4              else
 171   4                break;
 172   4            }
 173   3            audio_cache[i]=0;
 174   3            audio_time_count = 0;
 175   3          }
 176   2        }
 177   1        else
 178   1          Audio_Select_Handle_in_Timer();
C51 COMPILER V9.59.0.0   AUDIO                                                             02/23/2021 10:28:31 PAGE 4   

 179   1      }
 180          


MODULE INFORMATION:   STATIC OVERLAYABLE
   CODE SIZE        =    375    ----
   CONSTANT SIZE    =   ----    ----
   XDATA SIZE       =   ----    ----
   PDATA SIZE       =   ----    ----
   DATA SIZE        =     23       3
   IDATA SIZE       =   ----    ----
   BIT SIZE         =   ----    ----
END OF MODULE INFORMATION.


C51 COMPILATION COMPLETE.  0 WARNING(S),  0 ERROR(S)
