C51 COMPILER V9.59.0.0   DQIOT_DRV_RESET                                                   03/04/2021 15:15:14 PAGE 1   


C51 COMPILER V9.59.0.0, COMPILATION OF MODULE DQIOT_DRV_RESET
OBJECT MODULE PLACED IN .\Objects\dqiot_drv_reset.obj
COMPILER INVOKED BY: D:\Keil_v5\C51\BIN\C51.EXE ..\src\dqiot_drv_reset.c LARGE OPTIMIZE(8,SPEED) BROWSE INCDIR(..\inc;..
                    -\mmi_inc) DEBUG OBJECTEXTEND PRINT(.\Listings\dqiot_drv_reset.lst) TABS(2) OBJECT(.\Objects\dqiot_drv_reset.obj)

line level    source

   1          #ifndef __DQIOT_DRV_RESET_C__
   2          #define __DQIOT_DRV_RESET_C__
   3          
   4          #include "dqiot_drv.h"
   5          
   6          #define KEY1_INIT P1M1|=0x80;P1M0&=0x7F
   7          #define KEY2_ADC_INIT P1M1|=0x04;P1M0&=0xFB
   8          
   9          #define KEY1 P1_7
  10          
  11          /*
  12          parameter: 
  13            none
  14          return :
  15            none
  16          */
  17          void dqiot_drv_reset_init(void)
  18          {
  19   1        KEY1_INIT;
  20   1        KEY2_ADC_INIT;
  21   1        return;
  22   1      }
  23          
  24          /*
  25          parameter: 
  26            none
  27          return :
  28            none
  29          */
  30          unsigned char dqiot_drv_get_reset_pin(void)
  31          {
  32   1        return KEY1;//gpio_bit_get(RESET_PORT, RESET_PIN);
  33   1      }
  34          
  35          #endif
  36          
  37          


MODULE INFORMATION:   STATIC OVERLAYABLE
   CODE SIZE        =     19    ----
   CONSTANT SIZE    =   ----    ----
   XDATA SIZE       =      4    ----
   PDATA SIZE       =   ----    ----
   DATA SIZE        =   ----    ----
   IDATA SIZE       =   ----    ----
   BIT SIZE         =   ----    ----
END OF MODULE INFORMATION.


C51 COMPILATION COMPLETE.  0 WARNING(S),  0 ERROR(S)
