C51 COMPILER V9.59.0.0   DQIOT_DRV_TOUCH                                                   03/04/2021 15:14:15 PAGE 1   


C51 COMPILER V9.59.0.0, COMPILATION OF MODULE DQIOT_DRV_TOUCH
OBJECT MODULE PLACED IN .\Objects\dqiot_drv_touch.obj
COMPILER INVOKED BY: D:\Keil_v5\C51\BIN\C51.EXE ..\src\dqiot_drv_touch.c LARGE OPTIMIZE(8,SPEED) BROWSE INCDIR(..\inc;..
                    -\mmi_inc) DEBUG OBJECTEXTEND PRINT(.\Listings\dqiot_drv_touch.lst) TABS(2) OBJECT(.\Objects\dqiot_drv_touch.obj)

line level    source

   1          #ifndef __DQIOT_DRV_TOUCH_C__
   2          #define __DQIOT_DRV_TOUCH_C__
   3          
   4          #include "OB38A08T2.h"
   5          #include "dqiot_drv_touch.h"
   6          
   7          
   8          unsigned char bdata ucTkStatusPort0;
   9          unsigned char bdata ucTkStatusPort1;
  10          
  11          sbit bTk00Flag  = ucTkStatusPort0^0;
  12          sbit bTk01Flag  = ucTkStatusPort0^1;
  13          sbit bTk02Flag  = ucTkStatusPort0^2;
  14          sbit bTk03Flag  = ucTkStatusPort0^3;
  15          sbit bTk04Flag  = ucTkStatusPort0^4;
  16          sbit bTk05Flag  = ucTkStatusPort0^5;
  17          sbit bTk06Flag  = ucTkStatusPort0^6;
  18          sbit bTk07Flag  = ucTkStatusPort0^7;
  19          
  20          sbit bTk08Flag  = ucTkStatusPort1^0;
  21          sbit bTk09Flag  = ucTkStatusPort1^1;
  22          sbit bTk10Flag  = ucTkStatusPort1^2;
  23          sbit bTk11Flag  = ucTkStatusPort1^3;
  24          sbit bTk12Flag  = ucTkStatusPort1^4;
  25          sbit bTk13Flag  = ucTkStatusPort1^5;
  26          sbit bTk14Flag  = ucTkStatusPort1^6;
  27          sbit bTk15Flag  = ucTkStatusPort1^7;
  28          
  29          unsigned char g_ucTkNumber = 0xFF;
  30          
  31          
  32          void TOUCH_ISR(void) interrupt d_TK_Vector using 1
  33          {
  34   1          EA = 0;
  35   1          ((void(code*)(void))0x2011)();      //Touch ISR Function
  36   1          EA = 1;
  37   1      }
  38          
  39          
  40          /*
  41          parameter: 
  42            none
  43          return :
  44            none
  45          */
  46          static void dqiot_drv_touch_normal(void)
  47          {
  48   1        ((unsigned char(code*)(void))0x2008)();  //Touch Normal Run
  49   1        ucTkStatusPort0 = TKSTATUS0;
  50   1        ucTkStatusPort1 = TKSTATUS1;
  51   1        
  52   1        if (ucTkStatusPort0 == 0 && ucTkStatusPort1 == 0)
  53   1        {
  54   2          g_ucTkNumber = 0xFF;
C51 COMPILER V9.59.0.0   DQIOT_DRV_TOUCH                                                   03/04/2021 15:14:15 PAGE 2   

  55   2        }
  56   1        else if (g_ucTkNumber == 0xFF)
  57   1        {
  58   2          if (bTk00Flag == 1)        //Check TK0
  59   2            g_ucTkNumber = 0;
  60   2          //else if (bTk01Flag == 1)     //Check TK1
  61   2          //  g_ucTkNumber = 1;
  62   2          else if (bTk02Flag == 1)     //Check TK2
  63   2            g_ucTkNumber = 1;
  64   2          else if (bTk03Flag == 1)     //Check TK3
  65   2            g_ucTkNumber = 2;
  66   2          else if (bTk04Flag == 1)     //Check TK4
  67   2            g_ucTkNumber = 3;
  68   2          else if (bTk05Flag == 1)     //Check TK5
  69   2            g_ucTkNumber = 4;
  70   2          else if (bTk06Flag == 1)     //Check TK6
  71   2            g_ucTkNumber = 5;
  72   2          else if (bTk07Flag == 1)     //Check TK7
  73   2            g_ucTkNumber = 6;
  74   2          //else if (bTk08Flag == 1)     //Check TK8
  75   2          //  g_ucTkNumber = 8;
  76   2          //else if (bTk09Flag == 1)     //Check TK9
  77   2          //  g_ucTkNumber = 9;
  78   2          //else if (bTk10Flag == 1)     //Check TK10
  79   2          //  g_ucTkNumber = 10;
  80   2          else if (bTk11Flag == 1)     //Check TK11
  81   2            g_ucTkNumber = 7;
  82   2          else if (bTk12Flag == 1)     //Check TK12
  83   2            g_ucTkNumber = 8;
  84   2          else if (bTk13Flag == 1)     //Check TK13
  85   2            g_ucTkNumber = 9;
  86   2          else if (bTk14Flag == 1)     //Check TK14
  87   2            g_ucTkNumber = 10;
  88   2          else if (bTk15Flag == 1)     //Check TK15
  89   2            g_ucTkNumber = 11;
  90   2        }
  91   1      }
  92          
  93          /*
  94          parameter: 
  95            none
  96          return :
  97            none
  98          */
  99          void dqiot_drv_touch_init(void)
 100          {
 101   1          ((void(code*)(void))0x2005)();                   //Touch initial
 102   1      }
 103          
 104          /*
 105          parameter: 
 106            none
 107          return :
 108            none
 109          */
 110          uint8_t dqiot_drv_touch_check(void)
 111          {
 112   1        dqiot_drv_touch_normal();
 113   1        if (g_ucTkNumber == 0xFF)
 114   1          return 0;
 115   1        else
 116   1          return 1;
C51 COMPILER V9.59.0.0   DQIOT_DRV_TOUCH                                                   03/04/2021 15:14:15 PAGE 3   

 117   1      }
 118          
 119          /*
 120          parameter: 
 121            none
 122          return :
 123            none
 124          */
 125          uint8_t dqiot_drv_touch_work(void)
 126          {
 127   1        dqiot_drv_touch_normal();
 128   1        
 129   1        return g_ucTkNumber;
 130   1      }
 131          
 132          /*
 133          parameter: 
 134            none
 135          return :
 136            none
 137          */
 138          uint8_t dqiot_drv_get_touch_flag(void)
 139          {
 140   1        return (g_ucTkNumber == 0xFF)?0:1;
 141   1      }
 142          
 143          /*
 144          parameter: 
 145            none
 146          return :
 147            none
 148          */
 149          uint8_t dqiot_drv_get_touch_value(void)
 150          {
 151   1        return g_ucTkNumber;
 152   1      }
 153          
 154          #endif


MODULE INFORMATION:   STATIC OVERLAYABLE
   CODE SIZE        =    222    ----
   CONSTANT SIZE    =   ----    ----
   XDATA SIZE       =      1    ----
   PDATA SIZE       =   ----    ----
   DATA SIZE        =      2    ----
   IDATA SIZE       =   ----    ----
   BIT SIZE         =   ----    ----
END OF MODULE INFORMATION.


C51 COMPILATION COMPLETE.  0 WARNING(S),  0 ERROR(S)
