C51 COMPILER V9.59.0.0   FPS                                                               03/04/2021 10:18:15 PAGE 1   


C51 COMPILER V9.59.0.0, COMPILATION OF MODULE FPS
OBJECT MODULE PLACED IN .\Objects\Fps.obj
COMPILER INVOKED BY: D:\Keil_v5\C51\BIN\C51.EXE ..\src\Fps.c LARGE OPTIMIZE(8,SPEED) BROWSE INCDIR(..\inc;..\mmi_inc;..\
                    -dqiot_inc) DEBUG OBJECTEXTEND PRINT(.\Listings\Fps.lst) TABS(2) OBJECT(.\Objects\Fps.obj)

line level    source

   1          #include "OB38A08T2.h"
   2          #include "fps.h"
   3          #include "UART0.h"
   4          #include "Timer.h"
   5          
   6          //FP_INT:P0.3 INPUT
   7          #define FP_INT P0_3
   8          
   9          #define FP_INT_INIT \
  10            P0M1 |= 0x08;   \
  11            P0M0 &= 0xF7
  12          
  13          void Fps_Init(void)
  14          {
  15   1        FP_INT_INIT;
  16   1      
  17   1        UART0_init();
  18   1      }
  19          
  20          unsigned char test_data[] = {0xEF, 0x01, 0xFF, 0xFF, 0xFF, 0xFF, 0x01, 0x00, 0x07, 0x41, 0x01, 0x01, 0x00,
             - 0x50, 0x00, 0x9B};
  21          void Fps_Test(void)
  22          {
  23   1        unsigned char i;
  24   1        for (i = 0; i < 16; i++)
  25   1          UART0_TX(test_data[i]);
  26   1      }
  27          


MODULE INFORMATION:   STATIC OVERLAYABLE
   CODE SIZE        =     52    ----
   CONSTANT SIZE    =   ----    ----
   XDATA SIZE       =     16       1
   PDATA SIZE       =   ----    ----
   DATA SIZE        =   ----    ----
   IDATA SIZE       =   ----    ----
   BIT SIZE         =   ----    ----
END OF MODULE INFORMATION.


C51 COMPILATION COMPLETE.  0 WARNING(S),  0 ERROR(S)
