C51 COMPILER V9.59.0.0   I2C                                                               03/04/2021 15:14:13 PAGE 1   


C51 COMPILER V9.59.0.0, COMPILATION OF MODULE I2C
OBJECT MODULE PLACED IN .\Objects\I2C.obj
COMPILER INVOKED BY: D:\Keil_v5\C51\BIN\C51.EXE ..\src\I2C.c LARGE OPTIMIZE(8,SPEED) BROWSE INCDIR(..\inc;..\mmi_inc) DE
                    -BUG OBJECTEXTEND PRINT(.\Listings\I2C.lst) TABS(2) OBJECT(.\Objects\I2C.obj)

line level    source

   1          #include "OB38A08T2.h"
   2          #include "I2C.h"
   3          
   4          //SDA: P3.0  OPENDRAIN MODE
   5          //SCL: P2.3  OPENDRAIN MODE
   6          #define SDA_SET P3_0 = 1
   7          #define SDA_CLR P3_0 = 0
   8          #define SDA P3_0
   9          
  10          #define SCL_SET P2_3 = 1
  11          #define SCL_CLR P2_3 = 0
  12          
  13          #define SDA_INIT  P3M1|=0x01;P3M0|=0x01
  14          #define SCL_INIT  P2M1|=0x08;P2M0|=0x08
  15          
  16          #define NACK    1
  17          #define ACK     0
  18          
  19          #define DELAY  delay_us()
  20          
  21          void delay_us(void)
  22          {
  23   1        unsigned char i;
  24   1        for(i=0;i<10;i++);
  25   1      }
  26          
  27          void I2C_Master_Init(void)
  28          {
  29   1        SDA_INIT;
  30   1        SCL_INIT;
  31   1      
  32   1        SDA_SET;
  33   1        SCL_SET;
  34   1      }
  35          
  36          void iic_master_start(void)
  37          {
  38   1        SDA_SET;
  39   1        SCL_SET;
  40   1        DELAY;
  41   1        SDA_CLR;
  42   1        DELAY;
  43   1        SCL_CLR;
  44   1      }
  45          
  46          void iic_master_stop(void)
  47          {
  48   1        SCL_CLR;
  49   1        SDA_CLR;
  50   1        DELAY;
  51   1        SCL_SET;
  52   1        DELAY;
  53   1        SDA_SET;
  54   1      }
C51 COMPILER V9.59.0.0   I2C                                                               03/04/2021 15:14:13 PAGE 2   

  55          
  56          
  57          unsigned char iic_master_read_byte(unsigned char ack)
  58          {
  59   1        unsigned char i;
  60   1        unsigned char buffer = 0;
  61   1        SCL_CLR;
  62   1        SDA_SET;
  63   1        for(i=0;i<8;i++)
  64   1        {
  65   2          DELAY;
  66   2          SCL_SET;
  67   2          DELAY;
  68   2          buffer <<= 1;
  69   2          if(SDA)
  70   2            buffer |= 0x01; 
  71   2          SCL_CLR;
  72   2        }
  73   1      
  74   1        if(ack)
  75   1          SDA_SET;
  76   1        else
  77   1          SDA_CLR;  
  78   1        DELAY;
  79   1        SCL_SET;
  80   1        DELAY;
  81   1        SCL_CLR;
  82   1      
  83   1        return buffer;
  84   1      }
  85          
  86          unsigned char iic_master_write_byte(unsigned char send)
  87          {
  88   1        unsigned char i;
  89   1        unsigned char ack;
  90   1      
  91   1        SCL_CLR;
  92   1        for(i=0;i<8;i++)
  93   1        {
  94   2          if(send & 0x80)
  95   2            SDA_SET;
  96   2          else
  97   2            SDA_CLR;
  98   2          send <<= 1;
  99   2          DELAY;
 100   2          SCL_SET;
 101   2          DELAY;
 102   2          SCL_CLR;
 103   2        }
 104   1      
 105   1        SDA_SET;
 106   1        DELAY;
 107   1        SCL_SET;
 108   1        DELAY;
 109   1        ack = SDA;
 110   1        SCL_CLR;
 111   1      
 112   1        return ack;
 113   1      }
 114          
 115          void I2C_Master_Read_Data(unsigned char addr, unsigned char * receivedata, unsigned char receivelen)
 116          {
C51 COMPILER V9.59.0.0   I2C                                                               03/04/2021 15:14:13 PAGE 3   

 117   1        unsigned char i;
 118   1        iic_master_start();
 119   1        iic_master_write_byte(addr|0x01);
 120   1        for(i=0;i<receivelen-1;i++)
 121   1        {
 122   2          receivedata[i] = iic_master_read_byte(ACK);
 123   2        }
 124   1        receivedata[i] = iic_master_read_byte(NACK);
 125   1        iic_master_stop();
 126   1      }
 127          
 128          void I2C_Master_Write_Data(unsigned char addr, unsigned char * senddata, unsigned char sendlen, unsigned c
             -har is_stop)
 129          {
 130   1        unsigned char i;
 131   1        iic_master_start();
 132   1        iic_master_write_byte(addr);
 133   1        for(i=0;i<sendlen;i++)
 134   1        {
 135   2          iic_master_write_byte(senddata[i]);
 136   2        }
 137   1        if(is_stop)
 138   1          iic_master_stop();
 139   1      }
 140          


MODULE INFORMATION:   STATIC OVERLAYABLE
   CODE SIZE        =    336    ----
   CONSTANT SIZE    =   ----    ----
   XDATA SIZE       =   ----      12
   PDATA SIZE       =   ----    ----
   DATA SIZE        =   ----    ----
   IDATA SIZE       =   ----    ----
   BIT SIZE         =   ----    ----
END OF MODULE INFORMATION.


C51 COMPILATION COMPLETE.  0 WARNING(S),  0 ERROR(S)
