C51 COMPILER V9.59.0.0   LED                                                               02/22/2021 12:20:10 PAGE 1   


C51 COMPILER V9.59.0.0, COMPILATION OF MODULE LED
OBJECT MODULE PLACED IN .\Objects\Led.obj
COMPILER INVOKED BY: C:\Keil_v5\C51\BIN\C51.EXE ..\src\Led.c OPTIMIZE(8,SPEED) BROWSE INCDIR(..\inc) DEBUG OBJECTEXTEND 
                    -PRINT(.\Listings\Led.lst) TABS(2) OBJECT(.\Objects\Led.obj)

line level    source

   1          #include "OB38A08T2.h"
   2          #include "Led.h"
   3          
   4          
   5          void Led_Init(void)
   6          {
   7   1        TKRUNTIME = 28;
   8   1        dCOM0 = 1;
   9   1        COMEN  = 0x01;
  10   1        SEGEN0 = 0x00;
  11   1        SEGEN1 = 0x00;
  12   1        LEDCLK = 35;
  13   1        LEDCON = 0x90;
  14   1      }
  15          
  16          void Led_On(unsigned char led)
  17          {
  18   1        SEGEN0 |= led;
  19   1      }
  20          
  21          void Led_Off(unsigned char led)
  22          {
  23   1        SEGEN0 &= ~led;
  24   1      }
  25          


MODULE INFORMATION:   STATIC OVERLAYABLE
   CODE SIZE        =     51    ----
   CONSTANT SIZE    =   ----    ----
   XDATA SIZE       =   ----    ----
   PDATA SIZE       =   ----    ----
   DATA SIZE        =   ----    ----
   IDATA SIZE       =   ----    ----
   BIT SIZE         =   ----    ----
END OF MODULE INFORMATION.


C51 COMPILATION COMPLETE.  0 WARNING(S),  0 ERROR(S)
