C51 COMPILER V9.59.0.0   MAIN                                                              03/04/2021 15:15:13 PAGE 1   


C51 COMPILER V9.59.0.0, COMPILATION OF MODULE MAIN
OBJECT MODULE PLACED IN .\Objects\Main.obj
COMPILER INVOKED BY: D:\Keil_v5\C51\BIN\C51.EXE ..\src\Main.c LARGE OPTIMIZE(8,SPEED) BROWSE INCDIR(..\inc;..\mmi_inc) D
                    -EBUG OBJECTEXTEND PRINT(.\Listings\Main.lst) TABS(2) OBJECT(.\Objects\Main.obj)

line level    source

   1          #include "mmi_feature.h"
   2          #include "dqiot_drv.h"
   3          #include "mmi_ms.h"
   4          #include "mmi_fs.h"
   5          #include "mmi_fps.h"
   6          #include "mmi_sys.h"
   7          #include "mmi_audio.h"
   8          #include "mmi_bsp.h"
   9          #include "mmi_fm.h"
  10          #include "mmi_led.h"
  11          
  12          void WDT_ISR(void) interrupt d_WDT_Vector
  13          {
  14   1          ((void(code*)(void))0x200B)();      //WDT ISR Function
  15   1      }
  16          
  17          void main(void)
  18          {
  19   1        mmi_dq_bsp_init();
  20   1          mmi_dq_led_init();
  21   1          mmi_dq_key_init();
  22   1        mmi_dq_aud_init();
  23   1      #ifdef  __LOCK_FP_SUPPORT__
  24   1        mmi_dq_fp_init();
  25   1      #endif
  26   1        mmi_dq_sys_init();
  27   1      
  28   1          //LVC=0x40;    // For Power down mode
  29   1        if(0 == mmi_dq_sys_check_vbat())
  30   1        {
  31   2          mmi_dq_ms_set_sys_state(SYS_STATUS_IDLE);
  32   2        }
  33   1      
  34   1          while(1)
  35   1          {
  36   2      
  37   2          if(SYS_STATUS_ENTER_SLEEP == mmi_dq_ms_get_sys_state())
  38   2          {
  39   3            PCON |= 0x02;     
  40   3            mmi_sleep_task_proc();
  41   3          }
  42   2          else
  43   2          {
  44   3            mmi_task_proc();
  45   3          }
  46   2          
  47   2          mmi_dq_ms_sys_msg_handle();
  48   2      
  49   2          if(SYS_STATUS_WAIT_FOR_ENTER_SLEEP == mmi_dq_ms_get_sys_state())
  50   2            mmi_wait_sleep_task_proc();
  51   2      
  52   2          }
  53   1      }

C51 COMPILER V9.59.0.0   MAIN                                                              03/04/2021 15:15:13 PAGE 2   


MODULE INFORMATION:   STATIC OVERLAYABLE
   CODE SIZE        =    122    ----
   CONSTANT SIZE    =   ----    ----
   XDATA SIZE       =      4    ----
   PDATA SIZE       =   ----    ----
   DATA SIZE        =   ----    ----
   IDATA SIZE       =   ----    ----
   BIT SIZE         =   ----    ----
END OF MODULE INFORMATION.


C51 COMPILATION COMPLETE.  0 WARNING(S),  0 ERROR(S)
