C51 COMPILER V9.59.0.0   MMI_RST                                                           03/04/2021 15:15:16 PAGE 1   


C51 COMPILER V9.59.0.0, COMPILATION OF MODULE MMI_RST
OBJECT MODULE PLACED IN .\Objects\mmi_rst.obj
COMPILER INVOKED BY: D:\Keil_v5\C51\BIN\C51.EXE ..\mmi_src\mmi_rst.c LARGE OPTIMIZE(8,SPEED) BROWSE INCDIR(..\inc;..\mmi
                    -_inc) DEBUG OBJECTEXTEND PRINT(.\Listings\mmi_rst.lst) TABS(2) OBJECT(.\Objects\mmi_rst.obj)

line level    source

   1          #ifndef __MMI_RST_C__
   2          #define __MMI_RST_C__
   3          
   4          #include "dqiot_drv.h"
   5          #include "mmi_feature.h"
   6          #include "mmi_rst.h"
   7          #include "mmi_ms.h"
   8          #include "mmi_queue.h"
   9          
  10          static unsigned char rst_flag = 0;
  11          static unsigned int  rst_count = 0;
  12          /*
  13          parameter: 
  14            none
  15          return :
  16            none
  17          */
  18          void mmi_dq_rst_init(void)
  19          {
  20   1      
  21   1      
  22   1      }
  23          
  24          /*
  25          parameter: 
  26            none
  27          return :
  28            none
  29          */
  30          unsigned char mmi_dq_rst_timer_event(void)
  31          {
  32   1        unsigned char ret = 0;
  33   1        if(dqiot_drv_get_reset_pin() == 0)
  34   1        {
  35   2          if(rst_flag == 0)
  36   2          {
  37   3            rst_count ++;
  38   3            if(rst_count >= 40)
  39   3            {
  40   4              rst_flag = 1;
  41   4              rst_count = 0;
  42   4              //mmi_dq_ms_set_msg_que(QUE_EVENT_RST,QUE_PRO_LOW,0);
  43   4            }
  44   3          } 
  45   2        }
  46   1        else 
  47   1        {
  48   2          if(rst_flag == 0 && rst_count>0)
  49   2          {
  50   3            rst_flag = 3;
  51   3          }
  52   2          else if(rst_flag == 2)
  53   2            rst_flag = 0;
  54   2          rst_count = 0;
C51 COMPILER V9.59.0.0   MMI_RST                                                           03/04/2021 15:15:16 PAGE 2   

  55   2          ret = 1;
  56   2        }
  57   1        return ret;
  58   1      }
  59          
  60          /*
  61          parameter: 
  62            none
  63          return :
  64            none
  65          */
  66          unsigned char mmi_dq_rst_get_pin(void)
  67          {
  68   1        return dqiot_drv_get_reset_pin();
  69   1      
  70   1      }
  71          
  72          /*
  73          parameter: 
  74            none
  75          return :
  76            none
  77          */
  78          unsigned char mmi_dq_rst_get_state(void)
  79          {
  80   1        if(rst_flag == 1)
  81   1        {
  82   2          rst_flag = 2;
  83   2          return 1;
  84   2        }
  85   1        else if(rst_flag == 3)
  86   1        {
  87   2          rst_flag = 0;
  88   2          return 2;
  89   2        }
  90   1        return 0;
  91   1      
  92   1      }
  93          
  94          
  95          
  96          #endif


MODULE INFORMATION:   STATIC OVERLAYABLE
   CODE SIZE        =    156    ----
   CONSTANT SIZE    =   ----    ----
   XDATA SIZE       =      7       1
   PDATA SIZE       =   ----    ----
   DATA SIZE        =   ----    ----
   IDATA SIZE       =   ----    ----
   BIT SIZE         =   ----    ----
END OF MODULE INFORMATION.


C51 COMPILATION COMPLETE.  0 WARNING(S),  0 ERROR(S)
