C51 COMPILER V9.59.0.0   MMI_AUDIO                                                         03/04/2021 15:15:14 PAGE 1   


C51 COMPILER V9.59.0.0, COMPILATION OF MODULE MMI_AUDIO
OBJECT MODULE PLACED IN .\Objects\mmi_audio.obj
COMPILER INVOKED BY: D:\Keil_v5\C51\BIN\C51.EXE ..\mmi_src\mmi_audio.c LARGE OPTIMIZE(8,SPEED) BROWSE INCDIR(..\inc;..\m
                    -mi_inc) DEBUG OBJECTEXTEND PRINT(.\Listings\mmi_audio.lst) TABS(2) OBJECT(.\Objects\mmi_audio.obj)

line level    source

   1          #ifndef __MMI_AUDIO_C__
   2          #define __MMI_AUDIO_C__
   3          
   4          #include "mmi_audio.h"
   5          #include "dqiot_drv_audio.h"
   6          #include "mmi_fs.h"
   7          
   8          #ifdef __LOCK_AUDIO_SUPPORT__
   9          unsigned char audio_play_state = 0;
  10          /*
  11          parameter: 
  12            none
  13          return :
  14            none
  15          */
  16          void mmi_dq_aud_init(void)
  17          {
  18   1        dqiot_drv_audio_init();
  19   1      }
  20          
  21          /*
  22          parameter: 
  23            none
  24          return :
  25            none
  26          */
  27          void mmi_dq_set_aud_state(unsigned char state)
  28          {
  29   1        audio_play_state = state;
  30   1      }
  31          
  32          /*
  33          parameter: 
  34            none
  35          return :
  36            none
  37          */
  38          void mmi_dq_aud_play_with_id(AUD_PLAY_ID aud_id)
  39          {
  40   1        if(mmi_dq_fs_get_pro_sound()!=0 || audio_play_state != 0)
  41   1          dqiot_drv_audio_play(aud_id);
  42   1        
  43   1        return;
  44   1      }
  45          
  46          /*
  47          parameter: 
  48            none
  49          return :
  50            none
  51          */
  52          void mmi_dq_aud_play_key_tone(void)
  53          {
  54   1        mmi_dq_aud_stop();
C51 COMPILER V9.59.0.0   MMI_AUDIO                                                         03/04/2021 15:15:14 PAGE 2   

  55   1        mmi_dq_aud_play_with_id(AUD_ID_PRO_AUDIO);
  56   1      }
  57          /*
  58          parameter: 
  59            none
  60          return :
  61            none
  62          */
  63          void mmi_dq_aud_stop(void)
  64          {
  65   1        dqiot_drv_audio_stop();
  66   1      }
  67          
  68          /*
  69          parameter: 
  70            none
  71          return :
  72            none
  73          */
  74          unsigned char mmi_dq_aud_get_state(void)
  75          {
  76   1        return dqiot_drv_audio_get_state();
  77   1      }
  78          
  79          /*
  80          parameter: 
  81            none
  82          return :
  83            none
  84          */
  85          unsigned char mmi_dq_aud_get_end_flag(void)
  86          {
  87   1        return 0;//dqiot_drv_audio_get_end_flag();
  88   1      }
  89          #endif
  90          #endif//__MMI_AUD_C__


MODULE INFORMATION:   STATIC OVERLAYABLE
   CODE SIZE        =     52    ----
   CONSTANT SIZE    =   ----    ----
   XDATA SIZE       =      1       1
   PDATA SIZE       =   ----    ----
   DATA SIZE        =   ----    ----
   IDATA SIZE       =   ----    ----
   BIT SIZE         =   ----    ----
END OF MODULE INFORMATION.


C51 COMPILATION COMPLETE.  0 WARNING(S),  0 ERROR(S)
