C51 COMPILER V9.59.0.0   MMI_BSP                                                           03/04/2021 15:15:14 PAGE 1   


C51 COMPILER V9.59.0.0, COMPILATION OF MODULE MMI_BSP
OBJECT MODULE PLACED IN .\Objects\mmi_bsp.obj
COMPILER INVOKED BY: D:\Keil_v5\C51\BIN\C51.EXE ..\mmi_src\mmi_bsp.c LARGE OPTIMIZE(8,SPEED) BROWSE INCDIR(..\inc;..\mmi
                    -_inc) DEBUG OBJECTEXTEND PRINT(.\Listings\mmi_bsp.lst) TABS(2) OBJECT(.\Objects\mmi_bsp.obj)

line level    source

   1          #ifndef __MMI_BSP_C__
   2          #define __MMI_BSP_C__
   3          
   4          #include "mmi_fps.h"
   5          #include "mmi_feature.h"
   6          #include "dqiot_drv.h"
   7          
   8          /*
   9          parameter: 
  10            none
  11          return :
  12            none
  13          */
  14          void mmi_dq_bsp_init(void)
  15          {
  16   1        dqiot_drv_init();
  17   1        return;
  18   1      }
  19          
  20          /*
  21          parameter: 
  22            none
  23          return :
  24            none
  25          */
  26          void mmi_dq_bsp_wake_up(void)
  27          {
  28   1        dqiot_drv_wake_up();
  29   1      
  30   1      
  31   1      }
  32          
  33          /*
  34          parameter: 
  35            none
  36          return :
  37            none
  38          */
  39          void mmi_dq_bsp_enter_sleep(void)
  40          {
  41   1        dqiot_drv_enter_sleep();
  42   1      
  43   1      }
  44          #endif


MODULE INFORMATION:   STATIC OVERLAYABLE
   CODE SIZE        =      9    ----
   CONSTANT SIZE    =   ----    ----
   XDATA SIZE       =      4    ----
   PDATA SIZE       =   ----    ----
   DATA SIZE        =   ----    ----
   IDATA SIZE       =   ----    ----
   BIT SIZE         =   ----    ----
C51 COMPILER V9.59.0.0   MMI_BSP                                                           03/04/2021 15:15:14 PAGE 2   

END OF MODULE INFORMATION.


C51 COMPILATION COMPLETE.  0 WARNING(S),  0 ERROR(S)
