C51 COMPILER V9.59.0.0   MMI_MOTOR                                                         03/04/2021 15:15:15 PAGE 1   


C51 COMPILER V9.59.0.0, COMPILATION OF MODULE MMI_MOTOR
OBJECT MODULE PLACED IN .\Objects\mmi_motor.obj
COMPILER INVOKED BY: D:\Keil_v5\C51\BIN\C51.EXE ..\mmi_src\mmi_motor.c LARGE OPTIMIZE(8,SPEED) BROWSE INCDIR(..\inc;..\m
                    -mi_inc) DEBUG OBJECTEXTEND PRINT(.\Listings\mmi_motor.lst) TABS(2) OBJECT(.\Objects\mmi_motor.obj)

line level    source

   1          #include "mmi_feature.h"
   2          #if defined (__LOCK_MOTOR_SUPPORT__) || defined(__LOCK_CONTROL_SUPPORT__)
   3          #include "mmi_motor.h"
   4          #include "dqiot_drv_motor.h"
*** WARNING C318 IN LINE 4 OF ..\mmi_src\mmi_motor.c: can't open file 'dqiot_drv_motor.h'
   5          #include "dqiot_drv_control.h"
   6          #include "delay.h"
   7          
   8          /*
   9          parameter: 
  10            none
  11          return :
  12            none
  13          */
  14          void mmi_dq_motor_turn_right(void)
  15          {
  16   1      #ifdef __LOCK_CONTROL_SUPPORT__
  17   1          control_open_light();
  18   1        delay_ms(200);
  19   1          control_open_solenoid();
  20   1        delay_ms(200);
  21   1          control_open_motor();
  22   1      #endif
  23   1      #ifdef __LOCK_MOTOR_SUPPORT__
                dqiot_drv_motor_turn_right();
              #endif
  26   1        return;
  27   1      }
  28          
  29          /*
  30          parameter: 
  31            none
  32          return :
  33            none
  34          */
  35          void mmi_dq_motor_turn_back(void)
  36          {
  37   1      #ifdef __LOCK_CONTROL_SUPPORT__
  38   1        control_closed_solenoid();
  39   1        delay_ms(200);
  40   1        control_closed_motor();
  41   1      #endif
  42   1      #ifdef __LOCK_MOTOR_SUPPORT__
                dqiot_drv_motor_turn_back();
              #endif
  45   1        return;
  46   1      }
  47          
  48          
  49          /*
  50          parameter: 
  51            none
  52          return :
  53            none
C51 COMPILER V9.59.0.0   MMI_MOTOR                                                         03/04/2021 15:15:15 PAGE 2   

  54          */
  55          void mmi_dq_motor_stop(void)
  56          {
  57   1      #ifdef __LOCK_MOTOR_SUPPORT__
                dqiot_drv_motor_stop();
              #endif
  60   1        return;
  61   1      }
  62          
  63          
  64          #endif
  65          
  66          
  67          


MODULE INFORMATION:   STATIC OVERLAYABLE
   CODE SIZE        =     37    ----
   CONSTANT SIZE    =   ----    ----
   XDATA SIZE       =   ----    ----
   PDATA SIZE       =   ----    ----
   DATA SIZE        =   ----    ----
   IDATA SIZE       =   ----    ----
   BIT SIZE         =   ----    ----
END OF MODULE INFORMATION.


C51 COMPILATION COMPLETE.  1 WARNING(S),  0 ERROR(S)
