C51 COMPILER V9.59.0.0   TIMER                                                             03/04/2021 15:14:13 PAGE 1   


C51 COMPILER V9.59.0.0, COMPILATION OF MODULE TIMER
OBJECT MODULE PLACED IN .\Objects\Timer.obj
COMPILER INVOKED BY: D:\Keil_v5\C51\BIN\C51.EXE ..\src\Timer.c LARGE OPTIMIZE(8,SPEED) BROWSE INCDIR(..\inc;..\mmi_inc) 
                    -DEBUG OBJECTEXTEND PRINT(.\Listings\Timer.lst) TABS(2) OBJECT(.\Objects\Timer.obj)

line level    source

   1          #include "OB38A08T2.h"
   2          #include "Timer.h"
   3          
   4          #define TIMER0_VECTOR   d_T0_Vector       //TIMER0 Interrupt Vevtor
   5          #define TIMER1_VECTOR   d_T1_Vector       //TIMER1 Interrupt Vevtor
   6          #define TIMER3_VECTOR   d_T3_Vector       //TIMER3 Interrupt Vevtor
   7          #define d_T0MOD         0x02    //TMOD[3:0] TIMER0 Mode setting
   8          #define d_T1MOD         0x02    //TMOD[7:4] TIMER1 Mode setting
   9          #define d_T3MOD         0x02    //T3MOD[3:0] TIMER3 Mode setting
  10          #define ET3             0x01    //TIMER3 overflow Interrupt Enable (Default 0 Disable)
  11          #define ET2             0x00    //TIMER2 overflow Interrupt Enable (Default 0 Disable)
  12          #define ET1             0x01    //TIMER1 overflow Interrupt Enable (Default 0 Disable)
  13          #define ET0             0x01    //TIMER0 overflow Interrupt Enable (Default 0 Disable)
  14          
  15          #define d_MODEVALUE_T0      256    //MODE2 8bit 256(Auto Reload)
  16          #define d_RELOADVALUE_T0    200    //User Define Reload Value
  17          
  18          #define d_MODEVALUE_T1      256    //MODE2 8bit 256(Auto Reload)
  19          #define d_RELOADVALUE_T1    167    //User Define Reload Value
  20          
  21          #define d_MODEVALUE_T3      65536     //MODE1 16bit 65536
  22          #define d_RELOADVALUE_T3    48870      //User Define Reload Value
  23          
  24          unsigned int timer1_delay_count;
  25          void TIMER_Init(void)  //Initialize TIMER0
  26          {
  27   1          IEN0 |= (ET3<<6)|(ET2<<5)|(ET1<<3)|(ET0<<1); //IE=IEN0
  28   1          TMOD  = (d_T1MOD<<4)|(d_T0MOD);
  29   1        T3MOD = d_T3MOD;
  30   1          TH0   = (d_MODEVALUE_T0-d_RELOADVALUE_T0);  //MODE2 8bit 256(Auto Reload)
  31   1          TL0   = (d_MODEVALUE_T0-d_RELOADVALUE_T0);
  32   1          TH1   = (d_MODEVALUE_T1-d_RELOADVALUE_T1);  //MODE2 8bit 256(Auto Reload)
  33   1          TL1   = (d_MODEVALUE_T1-d_RELOADVALUE_T1);
  34   1          TH3   = (d_MODEVALUE_T3-d_RELOADVALUE_T3)/256;    //MODE1 16bit 65536
  35   1          TL3   = (d_MODEVALUE_T3-d_RELOADVALUE_T3)%256;
  36   1        
  37   1          PFCON |= (0x02<<2)|(0x02<<4);
  38   1      }
  39          
  40          void TIMER0_Start(void)
  41          {
  42   1          TR0   = 1; //Timer0 Start bit 
  43   1      }
  44          
  45          void TIMER0_Stop(void)
  46          {
  47   1          TR0   = 0; //Timer0 Start bit 
  48   1      }
  49          
  50          
  51          void TIMER1_Delay(unsigned int delay_ms)
  52          {
  53   1        timer1_delay_count = delay_ms;
  54   1          TR1 = 1; 
C51 COMPILER V9.59.0.0   TIMER                                                             03/04/2021 15:14:13 PAGE 2   

  55   1          while(timer1_delay_count > 0);
  56   1        TR1 = 0;
  57   1      }
  58          
  59          void TIMER3_Start(void)
  60          {
  61   1          TR3   = 1; //Timer0 Start bit 
  62   1      }
  63          
  64          
  65          
  66          void TIMER0_ISR(void) interrupt TIMER0_VECTOR
  67          {
  68   1          // To do something by using timer interrupt. 
  69   1        extern void Audio_timer_event_handler(void);
  70   1        Audio_timer_event_handler();
  71   1      }
  72          
  73          void TIMER1_ISR(void) interrupt TIMER1_VECTOR
  74          {
  75   1          // To do something by using timer interrupt.
  76   1          if(timer1_delay_count>0)
  77   1          timer1_delay_count--;
  78   1      }
  79          
  80          void TIMER3_ISR(void) interrupt TIMER3_VECTOR
  81          {
  82   1          extern void System_timer_event_handler(void);    
  83   1          TH3 = (d_MODEVALUE_T0-d_RELOADVALUE_T0)/256;    //MODE1 16bit 65536
  84   1          TL3 = (d_MODEVALUE_T0-d_RELOADVALUE_T0)%256;
  85   1          
  86   1          // To do something by using timer interrupt.
  87   1          System_timer_event_handler();
  88   1      }
  89          
  90          


MODULE INFORMATION:   STATIC OVERLAYABLE
   CODE SIZE        =    236    ----
   CONSTANT SIZE    =   ----    ----
   XDATA SIZE       =      2    ----
   PDATA SIZE       =   ----    ----
   DATA SIZE        =   ----    ----
   IDATA SIZE       =   ----    ----
   BIT SIZE         =   ----    ----
END OF MODULE INFORMATION.


C51 COMPILATION COMPLETE.  0 WARNING(S),  0 ERROR(S)
