C51 COMPILER V9.59.0.0   UART0                                                             03/04/2021 15:14:13 PAGE 1   


C51 COMPILER V9.59.0.0, COMPILATION OF MODULE UART0
OBJECT MODULE PLACED IN .\Objects\UART0.obj
COMPILER INVOKED BY: D:\Keil_v5\C51\BIN\C51.EXE ..\src\UART0.c LARGE OPTIMIZE(8,SPEED) BROWSE INCDIR(..\inc;..\mmi_inc) 
                    -DEBUG OBJECTEXTEND PRINT(.\Listings\UART0.lst) TABS(2) OBJECT(.\Objects\UART0.obj)

line level    source

   1          #include "OB38A08T2.h"
   2          #include "UART0.h"
   3          
   4          //===============================================================
   5          //DEFINITIONs
   6          //===============================================================
   7          #define d_S0RELH        0x03
   8          #define d_S0RELL        0xF7
   9          
  10          #define UART0_BUFFLEN 20
  11          //===============================================================
  12          //GLOBAL VARIABLE
  13          //===============================================================
  14          bit bU0TX = 0;
  15          unsigned char UART0_RXBUF[UART0_BUFFLEN];
  16          unsigned char UART0_RXLEN;
  17          //=========================================================================
  18          void UART0_init(void)
  19          {
  20   1        unsigned char i;
  21   1          S0RELH   = d_S0RELH;
  22   1          S0RELL   = d_S0RELL;
  23   1          AUX     |= 0x90;            // BRS = 1,SICS = 01
  24   1          PCON    |= 0x80;            // SMOD =1
  25   1          IEN0    |= 0x90;            // EA=1, ES0=1, interrupt enable
  26   1          S0CON    = 0x50;            // mode 1, SM20=0, Revice enable
  27   1          TI       = 0;
  28   1      
  29   1        for(i=0;i<UART0_BUFFLEN;i++)
  30   1          UART0_RXBUF[i] = 0;
  31   1        UART0_RXLEN = 0;
  32   1      }
  33          
  34          void UART0_deinit(void)
  35          {
  36   1        S0CON &= 0xEF;
  37   1      
  38   1      }
  39          
  40          void UART0_ISR(void) interrupt d_UART0_Vector
  41          {
  42   1          if (RI)                     // INT_RX
  43   1          {
  44   2              RI = 0;                 // RI clear
  45   2              if(UART0_RXLEN<UART0_BUFFLEN)
  46   2                UART0_RXBUF[UART0_RXLEN++] = S0BUF;         // Read BUF, user code...
  47   2          }
  48   1          else                        // INT_TX
  49   1          {
  50   2              bU0TX  = 0;
  51   2              TI     = 0;             // TI clear
  52   2          }
  53   1      }
  54          
C51 COMPILER V9.59.0.0   UART0                                                             03/04/2021 15:14:13 PAGE 2   

  55          void UART0_TX(unsigned char n_temp0)
  56          {
  57   1          bU0TX = 1;
  58   1          S0BUF = n_temp0;
  59   1          while(bU0TX);
  60   1      }
  61          //=========================================================================


MODULE INFORMATION:   STATIC OVERLAYABLE
   CODE SIZE        =    130    ----
   CONSTANT SIZE    =   ----    ----
   XDATA SIZE       =     21    ----
   PDATA SIZE       =   ----    ----
   DATA SIZE        =   ----    ----
   IDATA SIZE       =   ----    ----
   BIT SIZE         =      1    ----
END OF MODULE INFORMATION.


C51 COMPILATION COMPLETE.  0 WARNING(S),  0 ERROR(S)
